        -:    0:Source:obj/arvore.cpp
        -:    0:Graph:arvore.gcno
        -:    0:Data:arvore.gcda
        -:    0:Runs:4
        -:    0:Programs:1
        -:    1:/*EOF*/
        -:    2:/*EOF*/
        -:    3:/*EOF*/
       80:    4:/*EOF*/
        -:    5:/*EOF*/
       80:    6:/*EOF*/
       80:    7:/*EOF*/
       80:    8:/*EOF*/
        -:    9:/*EOF*/
      160:   10:/*EOF*/
        -:   11:/*EOF*/
       80:   12:/*EOF*/
       80:   13:/*EOF*/
        -:   14:/*EOF*/
      652:   15:/*EOF*/
        -:   16:/*EOF*/
        -:   17:/*EOF*/
        -:   18:/*EOF*/
        -:   19:/*EOF*/
      652:   20:/*EOF*/
      576:   21:/*EOF*/
        -:   22:/*EOF*/
        -:   23:/*EOF*/
        -:   24:/*EOF*/
        -:   25:/*EOF*/
       76:   26:/*EOF*/
        -:   27:/*EOF*/
       76:   28:/*EOF*/
        -:   29:/*EOF*/
        -:   30:/*EOF*/
       76:   31:/*EOF*/
       76:   32:/*EOF*/
       76:   33:/*EOF*/
       76:   34:/*EOF*/
       76:   35:/*EOF*/
       76:   36:/*EOF*/
        -:   37:/*EOF*/
      652:   38:/*EOF*/
        -:   39:/*EOF*/
      600:   40:/*EOF*/
        -:   41:/*EOF*/
        -:   42:/*EOF*/
        -:   43:/*EOF*/
        -:   44:/*EOF*/
        -:   45:/*EOF*/
      600:   46:/*EOF*/
        -:   47:/*EOF*/
        -:   48:/*EOF*/
        -:   49:/*EOF*/
      448:   50:/*EOF*/
        -:   51:/*EOF*/
      220:   52:/*EOF*/
    #####:   53:/*EOF*/
      220:   54:/*EOF*/
      220:   55:/*EOF*/
      220:   56:/*EOF*/
      220:   57:/*EOF*/
      220:   58:/*EOF*/
      220:   59:/*EOF*/
      220:   60:/*EOF*/
        -:   61:/*EOF*/
        -:   62:/*EOF*/
        -:   63:/*EOF*/
        -:   64:/*EOF*/
      228:   65:/*EOF*/
    #####:   66:/*EOF*/
      228:   67:/*EOF*/
      228:   68:/*EOF*/
      228:   69:/*EOF*/
      228:   70:/*EOF*/
      228:   71:/*EOF*/
      228:   72:/*EOF*/
      228:   73:/*EOF*/
        -:   74:/*EOF*/
        -:   75:/*EOF*/
        -:   76:/*EOF*/
        -:   77:/*EOF*/
        -:   78:/*EOF*/
        -:   79:/*EOF*/
        -:   80:/*EOF*/
      152:   81:/*EOF*/
        -:   82:/*EOF*/
       88:   83:/*EOF*/
       80:   84:/*EOF*/
        -:   85:/*EOF*/
       88:   86:/*EOF*/
       88:   87:/*EOF*/
       88:   88:/*EOF*/
       88:   89:/*EOF*/
       88:   90:/*EOF*/
       88:   91:/*EOF*/
       88:   92:/*EOF*/
        -:   93:/*EOF*/
        -:   94:/*EOF*/
        -:   95:/*EOF*/
       64:   96:/*EOF*/
       64:   97:/*EOF*/
        -:   98:/*EOF*/
       64:   99:/*EOF*/
       64:  100:/*EOF*/
       64:  101:/*EOF*/
       64:  102:/*EOF*/
       64:  103:/*EOF*/
       64:  104:/*EOF*/
       64:  105:/*EOF*/
        -:  106:/*EOF*/
        -:  107:/*EOF*/
      600:  108:/*EOF*/
        -:  109:/*EOF*/
        4:  110:/*EOF*/
        -:  111:/*EOF*/
        4:  112:/*EOF*/
        -:  113:/*EOF*/
        4:  114:/*EOF*/
        4:  115:/*EOF*/
        -:  116:/*EOF*/
        -:  117:/*EOF*/
        -:  118:/*EOF*/
    #####:  119:/*EOF*/
    #####:  120:/*EOF*/
        -:  121:/*EOF*/
        4:  122:/*EOF*/
        -:  123:/*EOF*/
       80:  124:/*EOF*/
        -:  125:/*EOF*/
       80:  126:/*EOF*/
       80:  127:/*EOF*/
        -:  128:/*EOF*/
     1156:  129:/*EOF*/
        -:  130:/*EOF*/
     1156:  131:/*EOF*/
        -:  132:/*EOF*/
      536:  133:/*EOF*/
      536:  134:/*EOF*/
      536:  135:/*EOF*/
        -:  136:/*EOF*/
     1156:  137:/*EOF*/
        -:  138:/*EOF*/
        8:  139:/*EOF*/
        -:  140:/*EOF*/
        8:  141:/*EOF*/
        8:  142:/*EOF*/
        -:  143:/*EOF*/
       16:  144:/*EOF*/
        8:  145:/*EOF*/
        -:  146:/*EOF*/
        8:  147:/*EOF*/
        8:  148:/*EOF*/
        8:  149:/*EOF*/
        -:  150:/*EOF*/
        -:  151:/*EOF*/
        8:  152:/*EOF*/
        -:  153:/*EOF*/
    #####:  154:/*EOF*/
        -:  155:/*EOF*/
        -:  156:/*EOF*/
        -:  157:/*EOF*/
        -:  158:/*EOF*/
        8:  159:/*EOF*/
        -:  160:/*EOF*/
        -:  161:/*EOF*/
        8:  162:/*EOF*/
        8:  163:/*EOF*/
        8:  164:/*EOF*/
        -:  165:/*EOF*/
        8:  166:/*EOF*/
        8:  167:/*EOF*/
        8:  168:/*EOF*/
        -:  169:/*EOF*/
        8:  170:/*EOF*/
        8:  171:/*EOF*/
        8:  172:/*EOF*/
        8:  173:/*EOF*/
        8:  174:/*EOF*/
        -:  175:/*EOF*/
        -:  176:/*EOF*/
       16:  177:/*EOF*/
        -:  178:/*EOF*/
    #####:  179:/*EOF*/
        -:  180:/*EOF*/
      112:  181:/*EOF*/
        -:  182:/*EOF*/
      112:  183:/*EOF*/
        -:  184:/*EOF*/
       96:  185:/*EOF*/
       48:  186:/*EOF*/
        -:  187:/*EOF*/
        -:  188:/*EOF*/
       48:  189:/*EOF*/
       48:  190:/*EOF*/
       48:  191:/*EOF*/
        -:  192:/*EOF*/
        -:  193:/*EOF*/
       48:  194:/*EOF*/
        -:  195:/*EOF*/
       32:  196:/*EOF*/
        -:  197:/*EOF*/
        -:  198:/*EOF*/
        -:  199:/*EOF*/
        -:  200:/*EOF*/
       16:  201:/*EOF*/
        -:  202:/*EOF*/
        -:  203:/*EOF*/
       48:  204:/*EOF*/
       48:  205:/*EOF*/
       48:  206:/*EOF*/
        -:  207:/*EOF*/
       48:  208:/*EOF*/
       48:  209:/*EOF*/
       48:  210:/*EOF*/
        -:  211:/*EOF*/
       48:  212:/*EOF*/
       48:  213:/*EOF*/
       48:  214:/*EOF*/
        -:  215:/*EOF*/
       48:  216:/*EOF*/
       48:  217:/*EOF*/
        -:  218:/*EOF*/
      112:  219:/*EOF*/
        -:  220:/*EOF*/
        4:  221:/*EOF*/
        -:  222:/*EOF*/
        4:  223:/*EOF*/
        4:  224:/*EOF*/
        4:  225:/*EOF*/
        -:  226:/*EOF*/
        -:  227:/*EOF*/
        4:  228:/*EOF*/
        -:  229:/*EOF*/
       60:  230:/*EOF*/
        -:  231:/*EOF*/
       56:  232:/*EOF*/
       56:  233:/*EOF*/
       56:  234:/*EOF*/
        -:  235:/*EOF*/
       28:  236:/*EOF*/
      180:  237:/*EOF*/
        -:  238:/*EOF*/
       76:  239:/*EOF*/
       76:  240:/*EOF*/
        -:  241:/*EOF*/
       28:  242:/*EOF*/
       28:  243:/*EOF*/
        -:  244:/*EOF*/
      476:  245:/*EOF*/
        -:  246:/*EOF*/
      224:  247:/*EOF*/
      224:  248:/*EOF*/
        -:  249:/*EOF*/
       28:  250:/*EOF*/
        -:  251:/*EOF*/
   340946:  252:/*EOF*/
        -:  253:/*EOF*/
   170459:  254:/*EOF*/
   170459:  255:/*EOF*/
        -:  256:/*EOF*/
        -:  257:/*EOF*/
       28:  258:/*EOF*/
        -:  259:/*EOF*/
        -:  260:/*EOF*/
       28:  261:/*EOF*/
        -:  262:/*EOF*/
    #####:  263:/*EOF*/
    #####:  264:/*EOF*/
        -:  265:/*EOF*/
        -:  266:/*EOF*/
        -:  267:/*EOF*/
        4:  268:/*EOF*/
        4:  269:/*EOF*/
        -:  270:/*EOF*/
        -:  271:/*EOF*/
        -:  272:/*EOF*/
        -:  273:/*EOF*/
    #####:  274:/*EOF*/
        -:  275:/*EOF*/
        -:  276:/*EOF*/
    #####:  277:/*EOF*/
        -:  278:/*EOF*/
        -:  279:/*EOF*/
        -:  280:/*EOF*/
        -:  281:/*EOF*/
    #####:  282:/*EOF*/
        -:  283:/*EOF*/
       28:  284:/*EOF*/
        -:  285:/*EOF*/
        -:  286:/*EOF*/
        -:  287:/*EOF*/
       28:  288:/*EOF*/
        -:  289:/*EOF*/
       28:  290:/*EOF*/
        -:  291:/*EOF*/
        -:  292:/*EOF*/
        -:  293:/*EOF*/
        -:  294:/*EOF*/
       28:  295:/*EOF*/
        -:  296:/*EOF*/
       16:  297:/*EOF*/
        -:  298:/*EOF*/
        -:  299:/*EOF*/
       12:  300:/*EOF*/
        -:  301:/*EOF*/
       12:  302:/*EOF*/
        -:  303:/*EOF*/
        -:  304:/*EOF*/
        -:  305:/*EOF*/
        -:  306:/*EOF*/
        -:  307:/*EOF*/
        -:  308:/*EOF*/
    #####:  309:/*EOF*/
    #####:  310:/*EOF*/
    #####:  311:/*EOF*/
    #####:  312:/*EOF*/
        -:  313:/*EOF*/
        -:  314:/*EOF*/
        -:  315:/*EOF*/
       28:  316:/*EOF*/
        -:  317:/*EOF*/
        -:  318:/*EOF*/
        -:  319:/*EOF*/
       24:  320:/*EOF*/
        -:  321:/*EOF*/
        4:  322:/*EOF*/
        -:  323:/*EOF*/
        -:  324:/*EOF*/
       20:  325:/*EOF*/
        -:  326:/*EOF*/
       20:  327:/*EOF*/
        -:  328:/*EOF*/
        -:  329:/*EOF*/
        -:  330:/*EOF*/
       72:  331:/*EOF*/
        -:  332:/*EOF*/
       24:  333:/*EOF*/
        -:  334:/*EOF*/
        8:  335:/*EOF*/
        8:  336:/*EOF*/
        -:  337:/*EOF*/
       16:  338:/*EOF*/
        -:  339:/*EOF*/
       16:  340:/*EOF*/
       16:  341:/*EOF*/
        -:  342:/*EOF*/
    #####:  343:/*EOF*/
        -:  344:/*EOF*/
    #####:  345:/*EOF*/
    #####:  346:/*EOF*/
        -:  347:/*EOF*/
       24:  348:/*EOF*/
        -:  349:/*EOF*/
        -:  350:/*EOF*/
        -:  351:/*EOF*/
       24:  352:/*EOF*/
        -:  353:/*EOF*/
       12:  354:/*EOF*/
        -:  355:/*EOF*/
        -:  356:/*EOF*/
       12:  357:/*EOF*/
        -:  358:/*EOF*/
       12:  359:/*EOF*/
        -:  360:/*EOF*/
        -:  361:/*EOF*/
        -:  362:/*EOF*/
        -:  363:/*EOF*/
        -:  364:/*EOF*/
    #####:  365:/*EOF*/
    #####:  366:/*EOF*/
        -:  367:/*EOF*/
        -:  368:/*EOF*/
        -:  369:/*EOF*/
       24:  370:/*EOF*/
        -:  371:/*EOF*/
       24:  372:/*EOF*/
        -:  373:/*EOF*/
        -:  374:/*EOF*/
        4:  375:/*EOF*/
        -:  376:/*EOF*/
    #####:  377:/*EOF*/
    #####:  378:/*EOF*/
        -:  379:/*EOF*/
        -:  380:/*EOF*/
        -:  381:/*EOF*/
        -:  382:/*EOF*/
        -:  383:/*EOF*/
        4:  384:/*EOF*/
        -:  385:/*EOF*/
        4:  386:/*EOF*/
        -:  387:/*EOF*/
        -:  388:/*EOF*/
        -:  389:/*EOF*/
        -:  390:/*EOF*/
        -:  391:/*EOF*/
    #####:  392:/*EOF*/
    #####:  393:/*EOF*/
        -:  394:/*EOF*/
        -:  395:/*EOF*/
        -:  396:/*EOF*/
        4:  397:/*EOF*/
        4:  398:/*EOF*/
        4:  399:/*EOF*/
        4:  400:/*EOF*/
        4:  401:/*EOF*/
        4:  402:/*EOF*/
        -:  403:/*EOF*/
        4:  404:/*EOF*/
        -:  405:/*EOF*/
        -:  406:/*EOF*/
        -:  407:/*EOF*/
    #####:  408:/*EOF*/
        -:  409:/*EOF*/
    #####:  410:/*EOF*/
    #####:  411:/*EOF*/
        -:  412:/*EOF*/
        -:  413:/*EOF*/
        -:  414:/*EOF*/
        8:  415:/*EOF*/
        -:  416:/*EOF*/
        8:  417:/*EOF*/
        -:  418:/*EOF*/
        -:  419:/*EOF*/
        8:  420:/*EOF*/
        -:  421:/*EOF*/
        8:  422:/*EOF*/
        -:  423:/*EOF*/
        -:  424:/*EOF*/
       72:  425:/*EOF*/
        -:  426:/*EOF*/
       72:  427:/*EOF*/
        -:  428:/*EOF*/
        -:  429:/*EOF*/
        4:  430:/*EOF*/
        -:  431:/*EOF*/
        4:  432:/*EOF*/
        4:  433:/*EOF*/
        4:  434:/*EOF*/
        -:  435:/*EOF*/
        8:  436:/*EOF*/
        -:  437:/*EOF*/
        8:  438:/*EOF*/
        8:  439:/*EOF*/
        -:  440:/*EOF*/
        8:  441:/*EOF*/
        8:  442:/*EOF*/
        8:  443:/*EOF*/
        -:  444:/*EOF*/
        8:  445:/*EOF*/
        -:  446:/*EOF*/
       88:  447:/*EOF*/
        -:  448:/*EOF*/
       88:  449:/*EOF*/
        -:  450:/*EOF*/
       36:  451:/*EOF*/
       36:  452:/*EOF*/
       36:  453:/*EOF*/
        -:  454:/*EOF*/
      100:  455:/*EOF*/
