        -:    0:Source:obj/arvore.cpp
        -:    0:Graph:arvore.gcno
        -:    0:Data:arvore.gcda
        -:    0:Runs:7
        -:    0:Programs:3
        -:    1:/*EOF*/
        -:    2:/*EOF*/
        -:    3:/*EOF*/
        6:    4:/*EOF*/
        -:    5:/*EOF*/
        6:    6:/*EOF*/
        6:    7:/*EOF*/
        6:    8:/*EOF*/
        -:    9:/*EOF*/
        4:   10:/*EOF*/
        -:   11:/*EOF*/
        2:   12:/*EOF*/
        2:   13:/*EOF*/
        -:   14:/*EOF*/
       12:   15:/*EOF*/
        -:   16:/*EOF*/
        -:   17:/*EOF*/
        -:   18:/*EOF*/
        -:   19:/*EOF*/
       12:   20:/*EOF*/
       11:   21:/*EOF*/
        -:   22:/*EOF*/
        -:   23:/*EOF*/
        -:   24:/*EOF*/
        -:   25:/*EOF*/
        1:   26:/*EOF*/
        -:   27:/*EOF*/
        1:   28:/*EOF*/
        -:   29:/*EOF*/
        -:   30:/*EOF*/
        1:   31:/*EOF*/
        1:   32:/*EOF*/
        1:   33:/*EOF*/
        1:   34:/*EOF*/
        1:   35:/*EOF*/
        1:   36:/*EOF*/
        -:   37:/*EOF*/
       12:   38:/*EOF*/
        -:   39:/*EOF*/
       25:   40:/*EOF*/
        -:   41:/*EOF*/
        -:   42:/*EOF*/
        -:   43:/*EOF*/
        -:   44:/*EOF*/
        -:   45:/*EOF*/
       25:   46:/*EOF*/
        -:   47:/*EOF*/
        -:   48:/*EOF*/
        -:   49:/*EOF*/
       20:   50:/*EOF*/
        -:   51:/*EOF*/
       10:   52:/*EOF*/
    #####:   53:/*EOF*/
       10:   54:/*EOF*/
       10:   55:/*EOF*/
       10:   56:/*EOF*/
       10:   57:/*EOF*/
       10:   58:/*EOF*/
       10:   59:/*EOF*/
       10:   60:/*EOF*/
        -:   61:/*EOF*/
        -:   62:/*EOF*/
        -:   63:/*EOF*/
        -:   64:/*EOF*/
       10:   65:/*EOF*/
    #####:   66:/*EOF*/
       10:   67:/*EOF*/
       10:   68:/*EOF*/
       10:   69:/*EOF*/
       10:   70:/*EOF*/
       10:   71:/*EOF*/
       10:   72:/*EOF*/
       10:   73:/*EOF*/
        -:   74:/*EOF*/
        -:   75:/*EOF*/
        -:   76:/*EOF*/
        -:   77:/*EOF*/
        -:   78:/*EOF*/
        -:   79:/*EOF*/
        -:   80:/*EOF*/
        5:   81:/*EOF*/
        -:   82:/*EOF*/
        3:   83:/*EOF*/
        1:   84:/*EOF*/
        -:   85:/*EOF*/
        3:   86:/*EOF*/
        3:   87:/*EOF*/
        3:   88:/*EOF*/
        3:   89:/*EOF*/
        3:   90:/*EOF*/
        3:   91:/*EOF*/
        3:   92:/*EOF*/
        -:   93:/*EOF*/
        -:   94:/*EOF*/
        -:   95:/*EOF*/
        2:   96:/*EOF*/
        1:   97:/*EOF*/
        -:   98:/*EOF*/
        2:   99:/*EOF*/
        2:  100:/*EOF*/
        2:  101:/*EOF*/
        2:  102:/*EOF*/
        2:  103:/*EOF*/
        2:  104:/*EOF*/
        2:  105:/*EOF*/
        -:  106:/*EOF*/
        -:  107:/*EOF*/
       25:  108:/*EOF*/
        -:  109:/*EOF*/
        3:  110:/*EOF*/
        -:  111:/*EOF*/
        3:  112:/*EOF*/
        -:  113:/*EOF*/
        2:  114:/*EOF*/
        2:  115:/*EOF*/
        -:  116:/*EOF*/
        -:  117:/*EOF*/
        -:  118:/*EOF*/
        1:  119:/*EOF*/
        1:  120:/*EOF*/
        -:  121:/*EOF*/
        3:  122:/*EOF*/
        -:  123:/*EOF*/
        2:  124:/*EOF*/
        -:  125:/*EOF*/
        2:  126:/*EOF*/
        2:  127:/*EOF*/
        -:  128:/*EOF*/
       43:  129:/*EOF*/
        -:  130:/*EOF*/
       43:  131:/*EOF*/
        -:  132:/*EOF*/
       19:  133:/*EOF*/
       19:  134:/*EOF*/
       19:  135:/*EOF*/
        -:  136:/*EOF*/
       43:  137:/*EOF*/
        -:  138:/*EOF*/
        4:  139:/*EOF*/
        -:  140:/*EOF*/
        4:  141:/*EOF*/
        4:  142:/*EOF*/
        -:  143:/*EOF*/
        8:  144:/*EOF*/
        4:  145:/*EOF*/
        -:  146:/*EOF*/
        4:  147:/*EOF*/
        4:  148:/*EOF*/
        4:  149:/*EOF*/
        -:  150:/*EOF*/
        -:  151:/*EOF*/
        4:  152:/*EOF*/
        -:  153:/*EOF*/
    #####:  154:/*EOF*/
        -:  155:/*EOF*/
        -:  156:/*EOF*/
        -:  157:/*EOF*/
        -:  158:/*EOF*/
        4:  159:/*EOF*/
        -:  160:/*EOF*/
        -:  161:/*EOF*/
        4:  162:/*EOF*/
        4:  163:/*EOF*/
        4:  164:/*EOF*/
        -:  165:/*EOF*/
        4:  166:/*EOF*/
        4:  167:/*EOF*/
        4:  168:/*EOF*/
        -:  169:/*EOF*/
        4:  170:/*EOF*/
        4:  171:/*EOF*/
        4:  172:/*EOF*/
        -:  173:/*EOF*/
        4:  174:/*EOF*/
        4:  175:/*EOF*/
        -:  176:/*EOF*/
        8:  177:/*EOF*/
        -:  178:/*EOF*/
    #####:  179:/*EOF*/
        -:  180:/*EOF*/
       32:  181:/*EOF*/
        -:  182:/*EOF*/
       32:  183:/*EOF*/
        -:  184:/*EOF*/
       24:  185:/*EOF*/
       12:  186:/*EOF*/
        -:  187:/*EOF*/
        -:  188:/*EOF*/
       12:  189:/*EOF*/
       12:  190:/*EOF*/
       12:  191:/*EOF*/
        -:  192:/*EOF*/
        -:  193:/*EOF*/
       12:  194:/*EOF*/
        -:  195:/*EOF*/
       10:  196:/*EOF*/
        -:  197:/*EOF*/
        -:  198:/*EOF*/
        -:  199:/*EOF*/
        -:  200:/*EOF*/
        2:  201:/*EOF*/
        -:  202:/*EOF*/
        -:  203:/*EOF*/
       12:  204:/*EOF*/
       12:  205:/*EOF*/
       12:  206:/*EOF*/
        -:  207:/*EOF*/
       12:  208:/*EOF*/
       12:  209:/*EOF*/
       12:  210:/*EOF*/
        -:  211:/*EOF*/
       12:  212:/*EOF*/
       12:  213:/*EOF*/
       12:  214:/*EOF*/
        -:  215:/*EOF*/
       12:  216:/*EOF*/
       12:  217:/*EOF*/
        -:  218:/*EOF*/
       32:  219:/*EOF*/
        -:  220:/*EOF*/
        5:  221:/*EOF*/
        -:  222:/*EOF*/
        5:  223:/*EOF*/
        5:  224:/*EOF*/
        5:  225:/*EOF*/
        -:  226:/*EOF*/
        -:  227:/*EOF*/
        5:  228:/*EOF*/
        -:  229:/*EOF*/
       40:  230:/*EOF*/
        -:  231:/*EOF*/
       36:  232:/*EOF*/
       36:  233:/*EOF*/
       36:  234:/*EOF*/
        -:  235:/*EOF*/
       18:  236:/*EOF*/
       94:  237:/*EOF*/
        -:  238:/*EOF*/
       38:  239:/*EOF*/
       38:  240:/*EOF*/
        -:  241:/*EOF*/
       18:  242:/*EOF*/
       18:  243:/*EOF*/
      306:  244:/*EOF*/
        -:  245:/*EOF*/
      144:  246:/*EOF*/
      144:  247:/*EOF*/
        -:  248:/*EOF*/
       18:  249:/*EOF*/
        -:  250:/*EOF*/
      480:  251:/*EOF*/
        -:  252:/*EOF*/
      231:  253:/*EOF*/
      231:  254:/*EOF*/
        -:  255:/*EOF*/
        -:  256:/*EOF*/
       18:  257:/*EOF*/
        -:  258:/*EOF*/
        -:  259:/*EOF*/
       18:  260:/*EOF*/
        -:  261:/*EOF*/
    #####:  262:/*EOF*/
    #####:  263:/*EOF*/
        -:  264:/*EOF*/
        -:  265:/*EOF*/
        4:  266:/*EOF*/
        4:  267:/*EOF*/
        -:  268:/*EOF*/
        -:  269:/*EOF*/
        -:  270:/*EOF*/
        -:  271:/*EOF*/
        1:  272:/*EOF*/
        -:  273:/*EOF*/
        -:  274:/*EOF*/
        1:  275:/*EOF*/
        -:  276:/*EOF*/
        -:  277:/*EOF*/
        -:  278:/*EOF*/
        -:  279:/*EOF*/
    #####:  280:/*EOF*/
        -:  281:/*EOF*/
       18:  282:/*EOF*/
        -:  283:/*EOF*/
        -:  284:/*EOF*/
        -:  285:/*EOF*/
       18:  286:/*EOF*/
        -:  287:/*EOF*/
       18:  288:/*EOF*/
        -:  289:/*EOF*/
        -:  290:/*EOF*/
        -:  291:/*EOF*/
        -:  292:/*EOF*/
       18:  293:/*EOF*/
        -:  294:/*EOF*/
       11:  295:/*EOF*/
        -:  296:/*EOF*/
        -:  297:/*EOF*/
        7:  298:/*EOF*/
        -:  299:/*EOF*/
        7:  300:/*EOF*/
        -:  301:/*EOF*/
        -:  302:/*EOF*/
        -:  303:/*EOF*/
        -:  304:/*EOF*/
        -:  305:/*EOF*/
        -:  306:/*EOF*/
    #####:  307:/*EOF*/
    #####:  308:/*EOF*/
    #####:  309:/*EOF*/
    #####:  310:/*EOF*/
        -:  311:/*EOF*/
        -:  312:/*EOF*/
        -:  313:/*EOF*/
       18:  314:/*EOF*/
        -:  315:/*EOF*/
        -:  316:/*EOF*/
        -:  317:/*EOF*/
       14:  318:/*EOF*/
        -:  319:/*EOF*/
        6:  320:/*EOF*/
        -:  321:/*EOF*/
        -:  322:/*EOF*/
        8:  323:/*EOF*/
        -:  324:/*EOF*/
        8:  325:/*EOF*/
        -:  326:/*EOF*/
        -:  327:/*EOF*/
        -:  328:/*EOF*/
       26:  329:/*EOF*/
        -:  330:/*EOF*/
        6:  331:/*EOF*/
        -:  332:/*EOF*/
        3:  333:/*EOF*/
        3:  334:/*EOF*/
        -:  335:/*EOF*/
        3:  336:/*EOF*/
        -:  337:/*EOF*/
        3:  338:/*EOF*/
        3:  339:/*EOF*/
        -:  340:/*EOF*/
    #####:  341:/*EOF*/
        -:  342:/*EOF*/
    #####:  343:/*EOF*/
    #####:  344:/*EOF*/
        -:  345:/*EOF*/
        6:  346:/*EOF*/
        -:  347:/*EOF*/
        -:  348:/*EOF*/
        -:  349:/*EOF*/
       14:  350:/*EOF*/
        -:  351:/*EOF*/
        7:  352:/*EOF*/
        -:  353:/*EOF*/
        -:  354:/*EOF*/
        7:  355:/*EOF*/
        -:  356:/*EOF*/
        7:  357:/*EOF*/
        -:  358:/*EOF*/
        -:  359:/*EOF*/
        -:  360:/*EOF*/
        -:  361:/*EOF*/
        -:  362:/*EOF*/
    #####:  363:/*EOF*/
    #####:  364:/*EOF*/
        -:  365:/*EOF*/
        -:  366:/*EOF*/
        -:  367:/*EOF*/
       14:  368:/*EOF*/
        -:  369:/*EOF*/
       14:  370:/*EOF*/
        -:  371:/*EOF*/
        -:  372:/*EOF*/
        4:  373:/*EOF*/
        -:  374:/*EOF*/
    #####:  375:/*EOF*/
    #####:  376:/*EOF*/
        -:  377:/*EOF*/
        -:  378:/*EOF*/
        -:  379:/*EOF*/
        -:  380:/*EOF*/
        -:  381:/*EOF*/
        4:  382:/*EOF*/
        -:  383:/*EOF*/
        4:  384:/*EOF*/
        -:  385:/*EOF*/
        -:  386:/*EOF*/
        -:  387:/*EOF*/
        -:  388:/*EOF*/
        -:  389:/*EOF*/
    #####:  390:/*EOF*/
    #####:  391:/*EOF*/
        -:  392:/*EOF*/
        -:  393:/*EOF*/
        -:  394:/*EOF*/
        4:  395:/*EOF*/
        4:  396:/*EOF*/
        4:  397:/*EOF*/
        4:  398:/*EOF*/
        4:  399:/*EOF*/
        4:  400:/*EOF*/
        -:  401:/*EOF*/
        4:  402:/*EOF*/
        -:  403:/*EOF*/
        -:  404:/*EOF*/
        -:  405:/*EOF*/
        7:  406:/*EOF*/
        -:  407:/*EOF*/
        7:  408:/*EOF*/
        7:  409:/*EOF*/
        -:  410:/*EOF*/
        -:  411:/*EOF*/
        -:  412:/*EOF*/
        4:  413:/*EOF*/
        -:  414:/*EOF*/
        4:  415:/*EOF*/
        -:  416:/*EOF*/
        -:  417:/*EOF*/
    #####:  418:/*EOF*/
        -:  419:/*EOF*/
    #####:  420:/*EOF*/
        -:  421:/*EOF*/
        -:  422:/*EOF*/
    #####:  423:/*EOF*/
        -:  424:/*EOF*/
    #####:  425:/*EOF*/
        -:  426:/*EOF*/
        -:  427:/*EOF*/
    #####:  428:/*EOF*/
        -:  429:/*EOF*/
    #####:  430:/*EOF*/
    #####:  431:/*EOF*/
    #####:  432:/*EOF*/
        -:  433:/*EOF*/
    #####:  434:/*EOF*/
        -:  435:/*EOF*/
    #####:  436:/*EOF*/
    #####:  437:/*EOF*/
        -:  438:/*EOF*/
    #####:  439:/*EOF*/
    #####:  440:/*EOF*/
    #####:  441:/*EOF*/
        -:  442:/*EOF*/
    #####:  443:/*EOF*/
        -:  444:/*EOF*/
    #####:  445:/*EOF*/
        -:  446:/*EOF*/
    #####:  447:/*EOF*/
        -:  448:/*EOF*/
    #####:  449:/*EOF*/
    #####:  450:/*EOF*/
    #####:  451:/*EOF*/
        -:  452:/*EOF*/
       21:  453:/*EOF*/
