        -:    0:Source:obj/Jogo_20_perguntas.cpp
        -:    0:Graph:Jogo_20_perguntas.gcno
        -:    0:Data:Jogo_20_perguntas.gcda
        -:    0:Runs:7
        -:    0:Programs:1
        -:    1:/*EOF*/
        -:    2:/*EOF*/
        -:    3:/*EOF*/
        7:    4:/*EOF*/
        -:    5:/*EOF*/
       14:    6:/*EOF*/
        -:    7:/*EOF*/
        -:    8:/*EOF*/
        -:    9:/*EOF*/
        7:   10:/*EOF*/
        7:   11:/*EOF*/
        7:   12:/*EOF*/
        7:   13:/*EOF*/
        7:   14:/*EOF*/
        7:   15:/*EOF*/
        -:   16:/*EOF*/
        -:   17:/*EOF*/
        7:   18:/*EOF*/
        -:   19:/*EOF*/
        -:   20:/*EOF*/
        3:   21:/*EOF*/
        3:   22:/*EOF*/
        3:   23:/*EOF*/
        -:   24:/*EOF*/
        -:   25:/*EOF*/
        6:   26:/*EOF*/
        3:   27:/*EOF*/
        3:   28:/*EOF*/
        -:   29:/*EOF*/
        3:   30:/*EOF*/
        -:   31:/*EOF*/
        3:   32:/*EOF*/
        3:   33:/*EOF*/
        -:   34:/*EOF*/
        -:   35:/*EOF*/
        -:   36:/*EOF*/
        3:   37:/*EOF*/
        -:   38:/*EOF*/
        -:   39:/*EOF*/
        -:   40:/*EOF*/
        -:   41:/*EOF*/
        -:   42:/*EOF*/
        -:   43:/*EOF*/
        3:   44:/*EOF*/
        3:   45:/*EOF*/
        3:   46:/*EOF*/
        -:   47:/*EOF*/
        -:   48:/*EOF*/
        3:   49:/*EOF*/
        3:   50:/*EOF*/
        -:   51:/*EOF*/
        9:   52:/*EOF*/
        -:   53:/*EOF*/
        -:   54:/*EOF*/
        -:   55:/*EOF*/
        3:   56:/*EOF*/
        3:   57:/*EOF*/
        3:   58:/*EOF*/
        -:   59:/*EOF*/
        3:   60:/*EOF*/
        3:   61:/*EOF*/
        3:   62:/*EOF*/
        -:   63:/*EOF*/
        -:   64:/*EOF*/
    #####:   65:/*EOF*/
        -:   66:/*EOF*/
    #####:   67:/*EOF*/
    #####:   68:/*EOF*/
    #####:   69:/*EOF*/
        -:   70:/*EOF*/
        -:   71:/*EOF*/
    #####:   72:/*EOF*/
        -:   73:/*EOF*/
    #####:   74:/*EOF*/
        -:   75:/*EOF*/
    #####:   76:/*EOF*/
    #####:   77:/*EOF*/
        -:   78:/*EOF*/
        -:   79:/*EOF*/
        -:   80:/*EOF*/
        -:   81:/*EOF*/
    #####:   82:/*EOF*/
    #####:   83:/*EOF*/
        -:   84:/*EOF*/
    #####:   85:/*EOF*/
        -:   86:/*EOF*/
    #####:   87:/*EOF*/
        -:   88:/*EOF*/
    #####:   89:/*EOF*/
    #####:   90:/*EOF*/
    #####:   91:/*EOF*/
    #####:   92:/*EOF*/
    #####:   93:/*EOF*/
        -:   94:/*EOF*/
    #####:   95:/*EOF*/
    #####:   96:/*EOF*/
        -:   97:/*EOF*/
        -:   98:/*EOF*/
        -:   99:/*EOF*/
    #####:  100:/*EOF*/
    #####:  101:/*EOF*/
        -:  102:/*EOF*/
        -:  103:/*EOF*/
    #####:  104:/*EOF*/
    #####:  105:/*EOF*/
    #####:  106:/*EOF*/
    #####:  107:/*EOF*/
        -:  108:/*EOF*/
    #####:  109:/*EOF*/
        -:  110:/*EOF*/
        -:  111:/*EOF*/
    #####:  112:/*EOF*/
        -:  113:/*EOF*/
    #####:  114:/*EOF*/
        -:  115:/*EOF*/
        -:  116:/*EOF*/
        -:  117:/*EOF*/
        -:  118:/*EOF*/
    #####:  119:/*EOF*/
        -:  120:/*EOF*/
    #####:  121:/*EOF*/
    #####:  122:/*EOF*/
    #####:  123:/*EOF*/
        -:  124:/*EOF*/
        -:  125:/*EOF*/
    #####:  126:/*EOF*/
        -:  127:/*EOF*/
        -:  128:/*EOF*/
    #####:  129:/*EOF*/
    #####:  130:/*EOF*/
    #####:  131:/*EOF*/
    #####:  132:/*EOF*/
    #####:  133:/*EOF*/
        -:  134:/*EOF*/
    #####:  135:/*EOF*/
    #####:  136:/*EOF*/
        -:  137:/*EOF*/
        -:  138:/*EOF*/
        -:  139:/*EOF*/
    #####:  140:/*EOF*/
    #####:  141:/*EOF*/
        -:  142:/*EOF*/
        -:  143:/*EOF*/
    #####:  144:/*EOF*/
    #####:  145:/*EOF*/
    #####:  146:/*EOF*/
    #####:  147:/*EOF*/
        -:  148:/*EOF*/
    #####:  149:/*EOF*/
        -:  150:/*EOF*/
        -:  151:/*EOF*/
        -:  152:/*EOF*/
    #####:  153:/*EOF*/
        -:  154:/*EOF*/
    #####:  155:/*EOF*/
        -:  156:/*EOF*/
        -:  157:/*EOF*/
        -:  158:/*EOF*/
        -:  159:/*EOF*/
        -:  160:/*EOF*/
        -:  161:/*EOF*/
        -:  162:/*EOF*/
    #####:  163:/*EOF*/
        -:  164:/*EOF*/
    #####:  165:/*EOF*/
    #####:  166:/*EOF*/
    #####:  167:/*EOF*/
        -:  168:/*EOF*/
        -:  169:/*EOF*/
    #####:  170:/*EOF*/
        -:  171:/*EOF*/
    #####:  172:/*EOF*/
    #####:  173:/*EOF*/
    #####:  174:/*EOF*/
        -:  175:/*EOF*/
        -:  176:/*EOF*/
    #####:  177:/*EOF*/
        -:  178:/*EOF*/
    #####:  179:/*EOF*/
    #####:  180:/*EOF*/
    #####:  181:/*EOF*/
        -:  182:/*EOF*/
        -:  183:/*EOF*/
        -:  184:/*EOF*/
        -:  185:/*EOF*/
        -:  186:/*EOF*/
        -:  187:/*EOF*/
        3:  188:/*EOF*/
        -:  189:/*EOF*/
        3:  190:/*EOF*/
        -:  191:/*EOF*/
        3:  192:/*EOF*/
        -:  193:/*EOF*/
        3:  194:/*EOF*/
        -:  195:/*EOF*/
        1:  196:/*EOF*/
        -:  197:/*EOF*/
        -:  198:/*EOF*/
        2:  199:/*EOF*/
        -:  200:/*EOF*/
    #####:  201:/*EOF*/
    #####:  202:/*EOF*/
        -:  203:/*EOF*/
    #####:  204:/*EOF*/
    #####:  205:/*EOF*/
    #####:  206:/*EOF*/
    #####:  207:/*EOF*/
    #####:  208:/*EOF*/
    #####:  209:/*EOF*/
    #####:  210:/*EOF*/
    #####:  211:/*EOF*/
        -:  212:/*EOF*/
    #####:  213:/*EOF*/
        -:  214:/*EOF*/
    #####:  215:/*EOF*/
        -:  216:/*EOF*/
    #####:  217:/*EOF*/
    #####:  218:/*EOF*/
        -:  219:/*EOF*/
        -:  220:/*EOF*/
        -:  221:/*EOF*/
    #####:  222:/*EOF*/
        -:  223:/*EOF*/
    #####:  224:/*EOF*/
        -:  225:/*EOF*/
    #####:  226:/*EOF*/
        -:  227:/*EOF*/
    #####:  228:/*EOF*/
        -:  229:/*EOF*/
    #####:  230:/*EOF*/
        -:  231:/*EOF*/
        -:  232:/*EOF*/
        -:  233:/*EOF*/
        -:  234:/*EOF*/
    #####:  235:/*EOF*/
        -:  236:/*EOF*/
        -:  237:/*EOF*/
    #####:  238:/*EOF*/
    #####:  239:/*EOF*/
        -:  240:/*EOF*/
        -:  241:/*EOF*/
        -:  242:/*EOF*/
        -:  243:/*EOF*/
    #####:  244:/*EOF*/
        -:  245:/*EOF*/
    #####:  246:/*EOF*/
        -:  247:/*EOF*/
        -:  248:/*EOF*/
        -:  249:/*EOF*/
        -:  250:/*EOF*/
    #####:  251:/*EOF*/
        -:  252:/*EOF*/
        -:  253:/*EOF*/
    #####:  254:/*EOF*/
    #####:  255:/*EOF*/
        -:  256:/*EOF*/
    #####:  257:/*EOF*/
        -:  258:/*EOF*/
        -:  259:/*EOF*/
        3:  260:/*EOF*/
        3:  261:/*EOF*/
        -:  262:/*EOF*/
        3:  263:/*EOF*/
        3:  264:/*EOF*/
        -:  265:/*EOF*/
        -:  266:/*EOF*/
        -:  267:/*EOF*/
        4:  268:/*EOF*/
        -:  269:/*EOF*/
        -:  270:/*EOF*/
        4:  271:/*EOF*/
        4:  272:/*EOF*/
        5:  273:/*EOF*/
        4:  274:/*EOF*/
        4:  275:/*EOF*/
        4:  276:/*EOF*/
        4:  277:/*EOF*/
        4:  278:/*EOF*/
        -:  279:/*EOF*/
        4:  280:/*EOF*/
        4:  281:/*EOF*/
        4:  282:/*EOF*/
        -:  283:/*EOF*/
        -:  284:/*EOF*/
        -:  285:/*EOF*/
        4:  286:/*EOF*/
        -:  287:/*EOF*/
        1:  288:/*EOF*/
        1:  289:/*EOF*/
        -:  290:/*EOF*/
        -:  291:/*EOF*/
        3:  292:/*EOF*/
        3:  293:/*EOF*/
        3:  294:/*EOF*/
        -:  295:/*EOF*/
        9:  296:/*EOF*/
        -:  297:/*EOF*/
        -:  298:/*EOF*/
        5:  299:/*EOF*/
        5:  300:/*EOF*/
        5:  301:/*EOF*/
        -:  302:/*EOF*/
        1:  303:/*EOF*/
        1:  304:/*EOF*/
        1:  305:/*EOF*/
        -:  306:/*EOF*/
        -:  307:/*EOF*/
        4:  308:/*EOF*/
        -:  309:/*EOF*/
        2:  310:/*EOF*/
        2:  311:/*EOF*/
        2:  312:/*EOF*/
        -:  313:/*EOF*/
        -:  314:/*EOF*/
        2:  315:/*EOF*/
        -:  316:/*EOF*/
        2:  317:/*EOF*/
        -:  318:/*EOF*/
    #####:  319:/*EOF*/
        -:  320:/*EOF*/
        -:  321:/*EOF*/
        -:  322:/*EOF*/
        -:  323:/*EOF*/
        2:  324:/*EOF*/
        2:  325:/*EOF*/
        -:  326:/*EOF*/
        2:  327:/*EOF*/
        -:  328:/*EOF*/
    #####:  329:/*EOF*/
    #####:  330:/*EOF*/
    #####:  331:/*EOF*/
    #####:  332:/*EOF*/
    #####:  333:/*EOF*/
        -:  334:/*EOF*/
    #####:  335:/*EOF*/
    #####:  336:/*EOF*/
        -:  337:/*EOF*/
        -:  338:/*EOF*/
        -:  339:/*EOF*/
    #####:  340:/*EOF*/
    #####:  341:/*EOF*/
        -:  342:/*EOF*/
        -:  343:/*EOF*/
    #####:  344:/*EOF*/
    #####:  345:/*EOF*/
    #####:  346:/*EOF*/
    #####:  347:/*EOF*/
        -:  348:/*EOF*/
    #####:  349:/*EOF*/
        -:  350:/*EOF*/
        -:  351:/*EOF*/
        2:  352:/*EOF*/
        -:  353:/*EOF*/
    #####:  354:/*EOF*/
        -:  355:/*EOF*/
        -:  356:/*EOF*/
        -:  357:/*EOF*/
        -:  358:/*EOF*/
        2:  359:/*EOF*/
        -:  360:/*EOF*/
    #####:  361:/*EOF*/
    #####:  362:/*EOF*/
        -:  363:/*EOF*/
        -:  364:/*EOF*/
        2:  365:/*EOF*/
        -:  366:/*EOF*/
        -:  367:/*EOF*/
        4:  368:/*EOF*/
        2:  369:/*EOF*/
        2:  370:/*EOF*/
        2:  371:/*EOF*/
        2:  372:/*EOF*/
        -:  373:/*EOF*/
        1:  374:/*EOF*/
        1:  375:/*EOF*/
        -:  376:/*EOF*/
        -:  377:/*EOF*/
        -:  378:/*EOF*/
        1:  379:/*EOF*/
        1:  380:/*EOF*/
        -:  381:/*EOF*/
        -:  382:/*EOF*/
        2:  383:/*EOF*/
        2:  384:/*EOF*/
        2:  385:/*EOF*/
        2:  386:/*EOF*/
        -:  387:/*EOF*/
        2:  388:/*EOF*/
        -:  389:/*EOF*/
        -:  390:/*EOF*/
        -:  391:/*EOF*/
    #####:  392:/*EOF*/
        -:  393:/*EOF*/
    #####:  394:/*EOF*/
        -:  395:/*EOF*/
        -:  396:/*EOF*/
        -:  397:/*EOF*/
        -:  398:/*EOF*/
        -:  399:/*EOF*/
        -:  400:/*EOF*/
        -:  401:/*EOF*/
    #####:  402:/*EOF*/
        -:  403:/*EOF*/
    #####:  404:/*EOF*/
    #####:  405:/*EOF*/
        -:  406:/*EOF*/
        -:  407:/*EOF*/
    #####:  408:/*EOF*/
        -:  409:/*EOF*/
    #####:  410:/*EOF*/
    #####:  411:/*EOF*/
    #####:  412:/*EOF*/
        -:  413:/*EOF*/
        -:  414:/*EOF*/
    #####:  415:/*EOF*/
        -:  416:/*EOF*/
    #####:  417:/*EOF*/
    #####:  418:/*EOF*/
    #####:  419:/*EOF*/
        -:  420:/*EOF*/
        -:  421:/*EOF*/
        -:  422:/*EOF*/
        -:  423:/*EOF*/
        -:  424:/*EOF*/
        1:  425:/*EOF*/
        -:  426:/*EOF*/
        1:  427:/*EOF*/
        -:  428:/*EOF*/
        1:  429:/*EOF*/
        -:  430:/*EOF*/
        1:  431:/*EOF*/
        -:  432:/*EOF*/
    #####:  433:/*EOF*/
        -:  434:/*EOF*/
        -:  435:/*EOF*/
        1:  436:/*EOF*/
        -:  437:/*EOF*/
        2:  438:/*EOF*/
        2:  439:/*EOF*/
        -:  440:/*EOF*/
        1:  441:/*EOF*/
        1:  442:/*EOF*/
        1:  443:/*EOF*/
        1:  444:/*EOF*/
        1:  445:/*EOF*/
        1:  446:/*EOF*/
        1:  447:/*EOF*/
        1:  448:/*EOF*/
        -:  449:/*EOF*/
        1:  450:/*EOF*/
        -:  451:/*EOF*/
        1:  452:/*EOF*/
        -:  453:/*EOF*/
    #####:  454:/*EOF*/
    #####:  455:/*EOF*/
        -:  456:/*EOF*/
        -:  457:/*EOF*/
        -:  458:/*EOF*/
        2:  459:/*EOF*/
        -:  460:/*EOF*/
        1:  461:/*EOF*/
        -:  462:/*EOF*/
        1:  463:/*EOF*/
        -:  464:/*EOF*/
        1:  465:/*EOF*/
        -:  466:/*EOF*/
    #####:  467:/*EOF*/
        -:  468:/*EOF*/
        -:  469:/*EOF*/
        -:  470:/*EOF*/
        -:  471:/*EOF*/
        1:  472:/*EOF*/
        -:  473:/*EOF*/
        -:  474:/*EOF*/
        1:  475:/*EOF*/
        1:  476:/*EOF*/
        -:  477:/*EOF*/
        -:  478:/*EOF*/
        -:  479:/*EOF*/
        -:  480:/*EOF*/
    #####:  481:/*EOF*/
        -:  482:/*EOF*/
    #####:  483:/*EOF*/
        -:  484:/*EOF*/
        -:  485:/*EOF*/
        -:  486:/*EOF*/
        -:  487:/*EOF*/
    #####:  488:/*EOF*/
        -:  489:/*EOF*/
        -:  490:/*EOF*/
    #####:  491:/*EOF*/
    #####:  492:/*EOF*/
        -:  493:/*EOF*/
        1:  494:/*EOF*/
        -:  495:/*EOF*/
        -:  496:/*EOF*/
        1:  497:/*EOF*/
        1:  498:/*EOF*/
        1:  499:/*EOF*/
        1:  500:/*EOF*/
        -:  501:/*EOF*/
        -:  502:/*EOF*/
        -:  503:/*EOF*/
        -:  504:/*EOF*/
        -:  505:/*EOF*/
    #####:  506:/*EOF*/
        -:  507:/*EOF*/
        -:  508:/*EOF*/
        -:  509:/*EOF*/
        4:  510:/*EOF*/
       21:  511:/*EOF*/
