        -:    0:Source:obj/testa_arvore.cpp
        -:    0:Graph:testa_arvore.gcno
        -:    0:Data:testa_arvore.gcda
        -:    0:Runs:1
        -:    0:Programs:1
        -:    1:/*EOF*/
        -:    2:/*EOF*/
        -:    3:/*EOF*/
        -:    4:/*EOF*/
        -:    5:/*EOF*/
        2:    6:/*EOF*/
        -:    7:/*EOF*/
        1:    8:/*EOF*/
        1:    9:/*EOF*/
        1:   10:/*EOF*/
        1:   11:/*EOF*/
        1:   12:/*EOF*/
        1:   13:/*EOF*/
        1:   14:/*EOF*/
        -:   15:/*EOF*/
        1:   16:/*EOF*/
        1:   17:/*EOF*/
        -:   18:/*EOF*/
        -:   19:/*EOF*/
       17:   20:/*EOF*/
        -:   21:/*EOF*/
       16:   22:/*EOF*/
       16:   23:/*EOF*/
       16:   24:/*EOF*/
       16:   25:/*EOF*/
       16:   26:/*EOF*/
       16:   27:/*EOF*/
       16:   28:/*EOF*/
        -:   29:/*EOF*/
        -:   30:/*EOF*/
       16:   31:/*EOF*/
       16:   32:/*EOF*/
       16:   33:/*EOF*/
        -:   34:/*EOF*/
       32:   35:/*EOF*/
        -:   36:/*EOF*/
       32:   37:/*EOF*/
        -:   38:/*EOF*/
       16:   39:/*EOF*/
        -:   40:/*EOF*/
        8:   41:/*EOF*/
        4:   42:/*EOF*/
        8:   43:/*EOF*/
        -:   44:/*EOF*/
        4:   45:/*EOF*/
        4:   46:/*EOF*/
        4:   47:/*EOF*/
        4:   48:/*EOF*/
        -:   49:/*EOF*/
        -:   50:/*EOF*/
        4:   51:/*EOF*/
        -:   52:/*EOF*/
        4:   53:/*EOF*/
        4:   54:/*EOF*/
        4:   55:/*EOF*/
        -:   56:/*EOF*/
        4:   57:/*EOF*/
        4:   58:/*EOF*/
        -:   59:/*EOF*/
        4:   60:/*EOF*/
        4:   61:/*EOF*/
        -:   62:/*EOF*/
        4:   63:/*EOF*/
        4:   64:/*EOF*/
        4:   65:/*EOF*/
        -:   66:/*EOF*/
        4:   67:/*EOF*/
        4:   68:/*EOF*/
        4:   69:/*EOF*/
        -:   70:/*EOF*/
        8:   71:/*EOF*/
        -:   72:/*EOF*/
        8:   73:/*EOF*/
        -:   74:/*EOF*/
        4:   75:/*EOF*/
        -:   76:/*EOF*/
        2:   77:/*EOF*/
        1:   78:/*EOF*/
        2:   79:/*EOF*/
        -:   80:/*EOF*/
        1:   81:/*EOF*/
        1:   82:/*EOF*/
        1:   83:/*EOF*/
        1:   84:/*EOF*/
        -:   85:/*EOF*/
        1:   86:/*EOF*/
        -:   87:/*EOF*/
        1:   88:/*EOF*/
        1:   89:/*EOF*/
        1:   90:/*EOF*/
        -:   91:/*EOF*/
        1:   92:/*EOF*/
        1:   93:/*EOF*/
        -:   94:/*EOF*/
        1:   95:/*EOF*/
        1:   96:/*EOF*/
        -:   97:/*EOF*/
        1:   98:/*EOF*/
        1:   99:/*EOF*/
        1:  100:/*EOF*/
        -:  101:/*EOF*/
        1:  102:/*EOF*/
        1:  103:/*EOF*/
        1:  104:/*EOF*/
        -:  105:/*EOF*/
        -:  106:/*EOF*/
        4:  107:/*EOF*/
        -:  108:/*EOF*/
        2:  109:/*EOF*/
        1:  110:/*EOF*/
        2:  111:/*EOF*/
        -:  112:/*EOF*/
        1:  113:/*EOF*/
        1:  114:/*EOF*/
        1:  115:/*EOF*/
        1:  116:/*EOF*/
        -:  117:/*EOF*/
        1:  118:/*EOF*/
        -:  119:/*EOF*/
        1:  120:/*EOF*/
        1:  121:/*EOF*/
        1:  122:/*EOF*/
        -:  123:/*EOF*/
        1:  124:/*EOF*/
        1:  125:/*EOF*/
        -:  126:/*EOF*/
        1:  127:/*EOF*/
        1:  128:/*EOF*/
        -:  129:/*EOF*/
        1:  130:/*EOF*/
        1:  131:/*EOF*/
        1:  132:/*EOF*/
        -:  133:/*EOF*/
        1:  134:/*EOF*/
        1:  135:/*EOF*/
        1:  136:/*EOF*/
        -:  137:/*EOF*/
        -:  138:/*EOF*/
        -:  139:/*EOF*/
        8:  140:/*EOF*/
        -:  141:/*EOF*/
        4:  142:/*EOF*/
        -:  143:/*EOF*/
        2:  144:/*EOF*/
        1:  145:/*EOF*/
        2:  146:/*EOF*/
        -:  147:/*EOF*/
        1:  148:/*EOF*/
        1:  149:/*EOF*/
        1:  150:/*EOF*/
        -:  151:/*EOF*/
        1:  152:/*EOF*/
        -:  153:/*EOF*/
        1:  154:/*EOF*/
        1:  155:/*EOF*/
        1:  156:/*EOF*/
        -:  157:/*EOF*/
        1:  158:/*EOF*/
        1:  159:/*EOF*/
        -:  160:/*EOF*/
        1:  161:/*EOF*/
        1:  162:/*EOF*/
        -:  163:/*EOF*/
        1:  164:/*EOF*/
        1:  165:/*EOF*/
        1:  166:/*EOF*/
        -:  167:/*EOF*/
        1:  168:/*EOF*/
        1:  169:/*EOF*/
        1:  170:/*EOF*/
        -:  171:/*EOF*/
        -:  172:/*EOF*/
        4:  173:/*EOF*/
        -:  174:/*EOF*/
        2:  175:/*EOF*/
        1:  176:/*EOF*/
        2:  177:/*EOF*/
        -:  178:/*EOF*/
        1:  179:/*EOF*/
        1:  180:/*EOF*/
        1:  181:/*EOF*/
        1:  182:/*EOF*/
        -:  183:/*EOF*/
        1:  184:/*EOF*/
        -:  185:/*EOF*/
        1:  186:/*EOF*/
        1:  187:/*EOF*/
        1:  188:/*EOF*/
        -:  189:/*EOF*/
        1:  190:/*EOF*/
        1:  191:/*EOF*/
        -:  192:/*EOF*/
        1:  193:/*EOF*/
        1:  194:/*EOF*/
        -:  195:/*EOF*/
        1:  196:/*EOF*/
        1:  197:/*EOF*/
        1:  198:/*EOF*/
        -:  199:/*EOF*/
        1:  200:/*EOF*/
        1:  201:/*EOF*/
        1:  202:/*EOF*/
        -:  203:/*EOF*/
        -:  204:/*EOF*/
        -:  205:/*EOF*/
        -:  206:/*EOF*/
        -:  207:/*EOF*/
       16:  208:/*EOF*/
        -:  209:/*EOF*/
        8:  210:/*EOF*/
        4:  211:/*EOF*/
        8:  212:/*EOF*/
        -:  213:/*EOF*/
        4:  214:/*EOF*/
        4:  215:/*EOF*/
        4:  216:/*EOF*/
        4:  217:/*EOF*/
        -:  218:/*EOF*/
        4:  219:/*EOF*/
        -:  220:/*EOF*/
        4:  221:/*EOF*/
        4:  222:/*EOF*/
        4:  223:/*EOF*/
        -:  224:/*EOF*/
        4:  225:/*EOF*/
        4:  226:/*EOF*/
        -:  227:/*EOF*/
        4:  228:/*EOF*/
        4:  229:/*EOF*/
        -:  230:/*EOF*/
        4:  231:/*EOF*/
        4:  232:/*EOF*/
        4:  233:/*EOF*/
        -:  234:/*EOF*/
        4:  235:/*EOF*/
        4:  236:/*EOF*/
        4:  237:/*EOF*/
        -:  238:/*EOF*/
        -:  239:/*EOF*/
        8:  240:/*EOF*/
        -:  241:/*EOF*/
        8:  242:/*EOF*/
        -:  243:/*EOF*/
        4:  244:/*EOF*/
        -:  245:/*EOF*/
        2:  246:/*EOF*/
        1:  247:/*EOF*/
        2:  248:/*EOF*/
        -:  249:/*EOF*/
        1:  250:/*EOF*/
        1:  251:/*EOF*/
        1:  252:/*EOF*/
        1:  253:/*EOF*/
        -:  254:/*EOF*/
        1:  255:/*EOF*/
        -:  256:/*EOF*/
        1:  257:/*EOF*/
        1:  258:/*EOF*/
        1:  259:/*EOF*/
        -:  260:/*EOF*/
        1:  261:/*EOF*/
        1:  262:/*EOF*/
        -:  263:/*EOF*/
        1:  264:/*EOF*/
        1:  265:/*EOF*/
        -:  266:/*EOF*/
        1:  267:/*EOF*/
        1:  268:/*EOF*/
        1:  269:/*EOF*/
        -:  270:/*EOF*/
        1:  271:/*EOF*/
        1:  272:/*EOF*/
        1:  273:/*EOF*/
        -:  274:/*EOF*/
        -:  275:/*EOF*/
        -:  276:/*EOF*/
        4:  277:/*EOF*/
        -:  278:/*EOF*/
        2:  279:/*EOF*/
        1:  280:/*EOF*/
        2:  281:/*EOF*/
        -:  282:/*EOF*/
        1:  283:/*EOF*/
        1:  284:/*EOF*/
        1:  285:/*EOF*/
        1:  286:/*EOF*/
        -:  287:/*EOF*/
        1:  288:/*EOF*/
        -:  289:/*EOF*/
        1:  290:/*EOF*/
        1:  291:/*EOF*/
        1:  292:/*EOF*/
        -:  293:/*EOF*/
        1:  294:/*EOF*/
        1:  295:/*EOF*/
        -:  296:/*EOF*/
        1:  297:/*EOF*/
        1:  298:/*EOF*/
        -:  299:/*EOF*/
        1:  300:/*EOF*/
        1:  301:/*EOF*/
        1:  302:/*EOF*/
        -:  303:/*EOF*/
        1:  304:/*EOF*/
        1:  305:/*EOF*/
        1:  306:/*EOF*/
        -:  307:/*EOF*/
        -:  308:/*EOF*/
        -:  309:/*EOF*/
        8:  310:/*EOF*/
        -:  311:/*EOF*/
        4:  312:/*EOF*/
        -:  313:/*EOF*/
        2:  314:/*EOF*/
        1:  315:/*EOF*/
        2:  316:/*EOF*/
        -:  317:/*EOF*/
        1:  318:/*EOF*/
        1:  319:/*EOF*/
        1:  320:/*EOF*/
        1:  321:/*EOF*/
        -:  322:/*EOF*/
        1:  323:/*EOF*/
        -:  324:/*EOF*/
        1:  325:/*EOF*/
        1:  326:/*EOF*/
        1:  327:/*EOF*/
        -:  328:/*EOF*/
        1:  329:/*EOF*/
        1:  330:/*EOF*/
        -:  331:/*EOF*/
        1:  332:/*EOF*/
        1:  333:/*EOF*/
        -:  334:/*EOF*/
        1:  335:/*EOF*/
        1:  336:/*EOF*/
        1:  337:/*EOF*/
        -:  338:/*EOF*/
        1:  339:/*EOF*/
        1:  340:/*EOF*/
        1:  341:/*EOF*/
        -:  342:/*EOF*/
        -:  343:/*EOF*/
        4:  344:/*EOF*/
        -:  345:/*EOF*/
        2:  346:/*EOF*/
        1:  347:/*EOF*/
        2:  348:/*EOF*/
        -:  349:/*EOF*/
        1:  350:/*EOF*/
        1:  351:/*EOF*/
        1:  352:/*EOF*/
        1:  353:/*EOF*/
        -:  354:/*EOF*/
        1:  355:/*EOF*/
        -:  356:/*EOF*/
        1:  357:/*EOF*/
        1:  358:/*EOF*/
        1:  359:/*EOF*/
        -:  360:/*EOF*/
        1:  361:/*EOF*/
        1:  362:/*EOF*/
        -:  363:/*EOF*/
        1:  364:/*EOF*/
        1:  365:/*EOF*/
        -:  366:/*EOF*/
        1:  367:/*EOF*/
        1:  368:/*EOF*/
        1:  369:/*EOF*/
        -:  370:/*EOF*/
        1:  371:/*EOF*/
        1:  372:/*EOF*/
        1:  373:/*EOF*/
        -:  374:/*EOF*/
        -:  375:/*EOF*/
        -:  376:/*EOF*/
        -:  377:/*EOF*/
        -:  378:/*EOF*/
        -:  379:/*EOF*/
       32:  380:/*EOF*/
        -:  381:/*EOF*/
       16:  382:/*EOF*/
        -:  383:/*EOF*/
        8:  384:/*EOF*/
        4:  385:/*EOF*/
        8:  386:/*EOF*/
        -:  387:/*EOF*/
        4:  388:/*EOF*/
        4:  389:/*EOF*/
        4:  390:/*EOF*/
        4:  391:/*EOF*/
        -:  392:/*EOF*/
        4:  393:/*EOF*/
        -:  394:/*EOF*/
        4:  395:/*EOF*/
        4:  396:/*EOF*/
        4:  397:/*EOF*/
        -:  398:/*EOF*/
        4:  399:/*EOF*/
        4:  400:/*EOF*/
        -:  401:/*EOF*/
        4:  402:/*EOF*/
        4:  403:/*EOF*/
        -:  404:/*EOF*/
        4:  405:/*EOF*/
        4:  406:/*EOF*/
        4:  407:/*EOF*/
        -:  408:/*EOF*/
        4:  409:/*EOF*/
        4:  410:/*EOF*/
        4:  411:/*EOF*/
        -:  412:/*EOF*/
        8:  413:/*EOF*/
        -:  414:/*EOF*/
        8:  415:/*EOF*/
        -:  416:/*EOF*/
        4:  417:/*EOF*/
        -:  418:/*EOF*/
        2:  419:/*EOF*/
        1:  420:/*EOF*/
        2:  421:/*EOF*/
        -:  422:/*EOF*/
        1:  423:/*EOF*/
        1:  424:/*EOF*/
        1:  425:/*EOF*/
        1:  426:/*EOF*/
        -:  427:/*EOF*/
        1:  428:/*EOF*/
        -:  429:/*EOF*/
        1:  430:/*EOF*/
        1:  431:/*EOF*/
        1:  432:/*EOF*/
        -:  433:/*EOF*/
        1:  434:/*EOF*/
        1:  435:/*EOF*/
        -:  436:/*EOF*/
        1:  437:/*EOF*/
        1:  438:/*EOF*/
        -:  439:/*EOF*/
        1:  440:/*EOF*/
        1:  441:/*EOF*/
        1:  442:/*EOF*/
        -:  443:/*EOF*/
        1:  444:/*EOF*/
        1:  445:/*EOF*/
        1:  446:/*EOF*/
        -:  447:/*EOF*/
        -:  448:/*EOF*/
        4:  449:/*EOF*/
        -:  450:/*EOF*/
        2:  451:/*EOF*/
        1:  452:/*EOF*/
        2:  453:/*EOF*/
        -:  454:/*EOF*/
        1:  455:/*EOF*/
        1:  456:/*EOF*/
        1:  457:/*EOF*/
        1:  458:/*EOF*/
        -:  459:/*EOF*/
        1:  460:/*EOF*/
        -:  461:/*EOF*/
        1:  462:/*EOF*/
        1:  463:/*EOF*/
        1:  464:/*EOF*/
        -:  465:/*EOF*/
        1:  466:/*EOF*/
        1:  467:/*EOF*/
        -:  468:/*EOF*/
        1:  469:/*EOF*/
        1:  470:/*EOF*/
        -:  471:/*EOF*/
        1:  472:/*EOF*/
        1:  473:/*EOF*/
        1:  474:/*EOF*/
        -:  475:/*EOF*/
        1:  476:/*EOF*/
        1:  477:/*EOF*/
        1:  478:/*EOF*/
        -:  479:/*EOF*/
        -:  480:/*EOF*/
        -:  481:/*EOF*/
        8:  482:/*EOF*/
        -:  483:/*EOF*/
        4:  484:/*EOF*/
        -:  485:/*EOF*/
        2:  486:/*EOF*/
        1:  487:/*EOF*/
        2:  488:/*EOF*/
        -:  489:/*EOF*/
        1:  490:/*EOF*/
        1:  491:/*EOF*/
        1:  492:/*EOF*/
        1:  493:/*EOF*/
        -:  494:/*EOF*/
        1:  495:/*EOF*/
        -:  496:/*EOF*/
        1:  497:/*EOF*/
        1:  498:/*EOF*/
        1:  499:/*EOF*/
        -:  500:/*EOF*/
        1:  501:/*EOF*/
        1:  502:/*EOF*/
        -:  503:/*EOF*/
        1:  504:/*EOF*/
        1:  505:/*EOF*/
        -:  506:/*EOF*/
        1:  507:/*EOF*/
        1:  508:/*EOF*/
        1:  509:/*EOF*/
        -:  510:/*EOF*/
        1:  511:/*EOF*/
        1:  512:/*EOF*/
        1:  513:/*EOF*/
        -:  514:/*EOF*/
        -:  515:/*EOF*/
        4:  516:/*EOF*/
        -:  517:/*EOF*/
        2:  518:/*EOF*/
        1:  519:/*EOF*/
        2:  520:/*EOF*/
        -:  521:/*EOF*/
        1:  522:/*EOF*/
        1:  523:/*EOF*/
        1:  524:/*EOF*/
        1:  525:/*EOF*/
        -:  526:/*EOF*/
        1:  527:/*EOF*/
        -:  528:/*EOF*/
        1:  529:/*EOF*/
        1:  530:/*EOF*/
        1:  531:/*EOF*/
        -:  532:/*EOF*/
        1:  533:/*EOF*/
        1:  534:/*EOF*/
        -:  535:/*EOF*/
        1:  536:/*EOF*/
        1:  537:/*EOF*/
        -:  538:/*EOF*/
        1:  539:/*EOF*/
        1:  540:/*EOF*/
        1:  541:/*EOF*/
        -:  542:/*EOF*/
        1:  543:/*EOF*/
        1:  544:/*EOF*/
        1:  545:/*EOF*/
        -:  546:/*EOF*/
        -:  547:/*EOF*/
        -:  548:/*EOF*/
        -:  549:/*EOF*/
        -:  550:/*EOF*/
       16:  551:/*EOF*/
        -:  552:/*EOF*/
        8:  553:/*EOF*/
        4:  554:/*EOF*/
        8:  555:/*EOF*/
        -:  556:/*EOF*/
        4:  557:/*EOF*/
        4:  558:/*EOF*/
        4:  559:/*EOF*/
        4:  560:/*EOF*/
        -:  561:/*EOF*/
        4:  562:/*EOF*/
        -:  563:/*EOF*/
        4:  564:/*EOF*/
        4:  565:/*EOF*/
        4:  566:/*EOF*/
        -:  567:/*EOF*/
        4:  568:/*EOF*/
        4:  569:/*EOF*/
        -:  570:/*EOF*/
        4:  571:/*EOF*/
        4:  572:/*EOF*/
        -:  573:/*EOF*/
        4:  574:/*EOF*/
        4:  575:/*EOF*/
        4:  576:/*EOF*/
        -:  577:/*EOF*/
        4:  578:/*EOF*/
        4:  579:/*EOF*/
        4:  580:/*EOF*/
        -:  581:/*EOF*/
        8:  582:/*EOF*/
        -:  583:/*EOF*/
        8:  584:/*EOF*/
        -:  585:/*EOF*/
        4:  586:/*EOF*/
        -:  587:/*EOF*/
        2:  588:/*EOF*/
        1:  589:/*EOF*/
        2:  590:/*EOF*/
        -:  591:/*EOF*/
        1:  592:/*EOF*/
        1:  593:/*EOF*/
        1:  594:/*EOF*/
        1:  595:/*EOF*/
        -:  596:/*EOF*/
        1:  597:/*EOF*/
        -:  598:/*EOF*/
        1:  599:/*EOF*/
        1:  600:/*EOF*/
        1:  601:/*EOF*/
        -:  602:/*EOF*/
        1:  603:/*EOF*/
        1:  604:/*EOF*/
        -:  605:/*EOF*/
        1:  606:/*EOF*/
        1:  607:/*EOF*/
        -:  608:/*EOF*/
        1:  609:/*EOF*/
        1:  610:/*EOF*/
        1:  611:/*EOF*/
        -:  612:/*EOF*/
        1:  613:/*EOF*/
        1:  614:/*EOF*/
        1:  615:/*EOF*/
        -:  616:/*EOF*/
        -:  617:/*EOF*/
        4:  618:/*EOF*/
        -:  619:/*EOF*/
        2:  620:/*EOF*/
        1:  621:/*EOF*/
        2:  622:/*EOF*/
        -:  623:/*EOF*/
        1:  624:/*EOF*/
        1:  625:/*EOF*/
        1:  626:/*EOF*/
        1:  627:/*EOF*/
        -:  628:/*EOF*/
        1:  629:/*EOF*/
        -:  630:/*EOF*/
        1:  631:/*EOF*/
        1:  632:/*EOF*/
        1:  633:/*EOF*/
        -:  634:/*EOF*/
        1:  635:/*EOF*/
        1:  636:/*EOF*/
        -:  637:/*EOF*/
        1:  638:/*EOF*/
        1:  639:/*EOF*/
        -:  640:/*EOF*/
        1:  641:/*EOF*/
        1:  642:/*EOF*/
        1:  643:/*EOF*/
        -:  644:/*EOF*/
        1:  645:/*EOF*/
        1:  646:/*EOF*/
        1:  647:/*EOF*/
        -:  648:/*EOF*/
        -:  649:/*EOF*/
        -:  650:/*EOF*/
        8:  651:/*EOF*/
        -:  652:/*EOF*/
        4:  653:/*EOF*/
        -:  654:/*EOF*/
        2:  655:/*EOF*/
        1:  656:/*EOF*/
        2:  657:/*EOF*/
        -:  658:/*EOF*/
        1:  659:/*EOF*/
        1:  660:/*EOF*/
        1:  661:/*EOF*/
        1:  662:/*EOF*/
        -:  663:/*EOF*/
        1:  664:/*EOF*/
        -:  665:/*EOF*/
        1:  666:/*EOF*/
        1:  667:/*EOF*/
        1:  668:/*EOF*/
        -:  669:/*EOF*/
        1:  670:/*EOF*/
        1:  671:/*EOF*/
        -:  672:/*EOF*/
        1:  673:/*EOF*/
        1:  674:/*EOF*/
        -:  675:/*EOF*/
        1:  676:/*EOF*/
        1:  677:/*EOF*/
        1:  678:/*EOF*/
        -:  679:/*EOF*/
        1:  680:/*EOF*/
        1:  681:/*EOF*/
        1:  682:/*EOF*/
        -:  683:/*EOF*/
        -:  684:/*EOF*/
        4:  685:/*EOF*/
        -:  686:/*EOF*/
        2:  687:/*EOF*/
        1:  688:/*EOF*/
        2:  689:/*EOF*/
        -:  690:/*EOF*/
        1:  691:/*EOF*/
        1:  692:/*EOF*/
        1:  693:/*EOF*/
        1:  694:/*EOF*/
        -:  695:/*EOF*/
        1:  696:/*EOF*/
        -:  697:/*EOF*/
        1:  698:/*EOF*/
        1:  699:/*EOF*/
        1:  700:/*EOF*/
        -:  701:/*EOF*/
        1:  702:/*EOF*/
        1:  703:/*EOF*/
        -:  704:/*EOF*/
        1:  705:/*EOF*/
        1:  706:/*EOF*/
        -:  707:/*EOF*/
        1:  708:/*EOF*/
        1:  709:/*EOF*/
        1:  710:/*EOF*/
        -:  711:/*EOF*/
        1:  712:/*EOF*/
        1:  713:/*EOF*/
        1:  714:/*EOF*/
        -:  715:/*EOF*/
        -:  716:/*EOF*/
        -:  717:/*EOF*/
        -:  718:/*EOF*/
        -:  719:/*EOF*/
        -:  720:/*EOF*/
       16:  721:/*EOF*/
       16:  722:/*EOF*/
        -:  723:/*EOF*/
        2:  724:/*EOF*/
        -:  725:/*EOF*/
        1:  726:/*EOF*/
        1:  727:/*EOF*/
        1:  728:/*EOF*/
        1:  729:/*EOF*/
        1:  730:/*EOF*/
        1:  731:/*EOF*/
        1:  732:/*EOF*/
        -:  733:/*EOF*/
        -:  734:/*EOF*/
        1:  735:/*EOF*/
        1:  736:/*EOF*/
        1:  737:/*EOF*/
        -:  738:/*EOF*/
        2:  739:/*EOF*/
        1:  740:/*EOF*/
        2:  741:/*EOF*/
        -:  742:/*EOF*/
        1:  743:/*EOF*/
        1:  744:/*EOF*/
        1:  745:/*EOF*/
        1:  746:/*EOF*/
        -:  747:/*EOF*/
        1:  748:/*EOF*/
        -:  749:/*EOF*/
        1:  750:/*EOF*/
        1:  751:/*EOF*/
        1:  752:/*EOF*/
        -:  753:/*EOF*/
        1:  754:/*EOF*/
        1:  755:/*EOF*/
        -:  756:/*EOF*/
        1:  757:/*EOF*/
        1:  758:/*EOF*/
        -:  759:/*EOF*/
        1:  760:/*EOF*/
        1:  761:/*EOF*/
        1:  762:/*EOF*/
        -:  763:/*EOF*/
        1:  764:/*EOF*/
        1:  765:/*EOF*/
        1:  766:/*EOF*/
        -:  767:/*EOF*/
        2:  768:/*EOF*/
        1:  769:/*EOF*/
        2:  770:/*EOF*/
        -:  771:/*EOF*/
        1:  772:/*EOF*/
        1:  773:/*EOF*/
        1:  774:/*EOF*/
        1:  775:/*EOF*/
        -:  776:/*EOF*/
        1:  777:/*EOF*/
        -:  778:/*EOF*/
        1:  779:/*EOF*/
        1:  780:/*EOF*/
        1:  781:/*EOF*/
        -:  782:/*EOF*/
        1:  783:/*EOF*/
        1:  784:/*EOF*/
        -:  785:/*EOF*/
        1:  786:/*EOF*/
        1:  787:/*EOF*/
        -:  788:/*EOF*/
        1:  789:/*EOF*/
        1:  790:/*EOF*/
        1:  791:/*EOF*/
        -:  792:/*EOF*/
        1:  793:/*EOF*/
        1:  794:/*EOF*/
        1:  795:/*EOF*/
        -:  796:/*EOF*/
        1:  797:/*EOF*/
        -:  798:/*EOF*/
        1:  799:/*EOF*/
        -:  800:/*EOF*/
        1:  801:/*EOF*/
        -:  802:/*EOF*/
        1:  803:/*EOF*/
        -:  804:/*EOF*/
        1:  805:/*EOF*/
        1:  806:/*EOF*/
        -:  807:/*EOF*/
        1:  808:/*EOF*/
        1:  809:/*EOF*/
        -:  810:/*EOF*/
        2:  811:/*EOF*/
        -:  812:/*EOF*/
        1:  813:/*EOF*/
        1:  814:/*EOF*/
        1:  815:/*EOF*/
        1:  816:/*EOF*/
        1:  817:/*EOF*/
        1:  818:/*EOF*/
        1:  819:/*EOF*/
        -:  820:/*EOF*/
        -:  821:/*EOF*/
        1:  822:/*EOF*/
        1:  823:/*EOF*/
        1:  824:/*EOF*/
        -:  825:/*EOF*/
        2:  826:/*EOF*/
        1:  827:/*EOF*/
        2:  828:/*EOF*/
        -:  829:/*EOF*/
        1:  830:/*EOF*/
        1:  831:/*EOF*/
        1:  832:/*EOF*/
        1:  833:/*EOF*/
        -:  834:/*EOF*/
        1:  835:/*EOF*/
        -:  836:/*EOF*/
        1:  837:/*EOF*/
        1:  838:/*EOF*/
        1:  839:/*EOF*/
        -:  840:/*EOF*/
        1:  841:/*EOF*/
        1:  842:/*EOF*/
        -:  843:/*EOF*/
        1:  844:/*EOF*/
        1:  845:/*EOF*/
        -:  846:/*EOF*/
        1:  847:/*EOF*/
        1:  848:/*EOF*/
        1:  849:/*EOF*/
        -:  850:/*EOF*/
        1:  851:/*EOF*/
        1:  852:/*EOF*/
        1:  853:/*EOF*/
        -:  854:/*EOF*/
        2:  855:/*EOF*/
        1:  856:/*EOF*/
        2:  857:/*EOF*/
        -:  858:/*EOF*/
        1:  859:/*EOF*/
        1:  860:/*EOF*/
        1:  861:/*EOF*/
        1:  862:/*EOF*/
        -:  863:/*EOF*/
        1:  864:/*EOF*/
        -:  865:/*EOF*/
        1:  866:/*EOF*/
        1:  867:/*EOF*/
        1:  868:/*EOF*/
        -:  869:/*EOF*/
        1:  870:/*EOF*/
        1:  871:/*EOF*/
        -:  872:/*EOF*/
        1:  873:/*EOF*/
        1:  874:/*EOF*/
        -:  875:/*EOF*/
        1:  876:/*EOF*/
        1:  877:/*EOF*/
        1:  878:/*EOF*/
        -:  879:/*EOF*/
        1:  880:/*EOF*/
        1:  881:/*EOF*/
        1:  882:/*EOF*/
        -:  883:/*EOF*/
        -:  884:/*EOF*/
        -:  885:/*EOF*/
        1:  886:/*EOF*/
        -:  887:/*EOF*/
        1:  888:/*EOF*/
        -:  889:/*EOF*/
        1:  890:/*EOF*/
        -:  891:/*EOF*/
        1:  892:/*EOF*/
        -:  893:/*EOF*/
        2:  894:/*EOF*/
        -:  895:/*EOF*/
        1:  896:/*EOF*/
        -:  897:/*EOF*/
        2:  898:/*EOF*/
        2:  899:/*EOF*/
        2:  900:/*EOF*/
        2:  901:/*EOF*/
        -:  902:/*EOF*/
        9:  903:/*EOF*/
        -:  904:/*EOF*/
        4:  905:/*EOF*/
        4:  906:/*EOF*/
        -:  907:/*EOF*/
        -:  908:/*EOF*/
        1:  909:/*EOF*/
        1:  910:/*EOF*/
        1:  911:/*EOF*/
        -:  912:/*EOF*/
       17:  913:/*EOF*/
        -:  914:/*EOF*/
        8:  915:/*EOF*/
        8:  916:/*EOF*/
        -:  917:/*EOF*/
        -:  918:/*EOF*/
        1:  919:/*EOF*/
        1:  920:/*EOF*/
        -:  921:/*EOF*/
       13:  922:/*EOF*/
        -:  923:/*EOF*/
        6:  924:/*EOF*/
        6:  925:/*EOF*/
        -:  926:/*EOF*/
        -:  927:/*EOF*/
        1:  928:/*EOF*/
        -:  929:/*EOF*/
        1:  930:/*EOF*/
        -:  931:/*EOF*/
        2:  932:/*EOF*/
        -:  933:/*EOF*/
        1:  934:/*EOF*/
        1:  935:/*EOF*/
        -:  936:/*EOF*/
        1:  937:/*EOF*/
        -:  938:/*EOF*/
        1:  939:/*EOF*/
        -:  940:/*EOF*/
        1:  941:/*EOF*/
        -:  942:/*EOF*/
        2:  943:/*EOF*/
        2:  944:/*EOF*/
        -:  945:/*EOF*/
        2:  946:/*EOF*/
        2:  947:/*EOF*/
        -:  948:/*EOF*/
        1:  949:/*EOF*/
        -:  950:/*EOF*/
       15:  951:/*EOF*/
        -:  952:/*EOF*/
        7:  953:/*EOF*/
        -:  954:/*EOF*/
    #####:  955:/*EOF*/
        -:  956:/*EOF*/
        -:  957:/*EOF*/
        1:  958:/*EOF*/
        1:  959:/*EOF*/
        -:  960:/*EOF*/
        -:  961:/*EOF*/
    #####:  962:/*EOF*/
        -:  963:/*EOF*/
        1:  964:/*EOF*/
        -:  965:/*EOF*/
        1:  966:/*EOF*/
        4:  967:/*EOF*/
